Skroller/proguard/mapping.txt
com.torusworks.skroller.MainActivity -> com.torusworks.skroller.MainActivity:
    int colorRed -> a
    int colorGreen -> b
    int colorBlue -> c
    void onCreate(android.os.Bundle) -> onCreate
    void setupHistory(int,java.lang.String,java.lang.String) -> a
    void updateColor() -> a
    boolean onCreateOptionsMenu(android.view.Menu) -> onCreateOptionsMenu
    void onClick(android.view.View) -> onClick
    void launchSkrollerActivity() -> b
    void access$0(com.torusworks.skroller.MainActivity) -> a
    void access$1(com.torusworks.skroller.MainActivity,int) -> a
    void access$2(com.torusworks.skroller.MainActivity,int) -> b
    void access$3(com.torusworks.skroller.MainActivity,int) -> c
    void access$4(com.torusworks.skroller.MainActivity) -> b
com.torusworks.skroller.MainActivity$1 -> com.torusworks.skroller.a:
    com.torusworks.skroller.MainActivity this$0 -> a
    boolean onEditorAction(android.widget.TextView,int,android.view.KeyEvent) -> onEditorAction
com.torusworks.skroller.MainActivity$2 -> com.torusworks.skroller.b:
    com.torusworks.skroller.MainActivity this$0 -> a
    void onProgressChanged(android.widget.SeekBar,int,boolean) -> onProgressChanged
    void onStartTrackingTouch(android.widget.SeekBar) -> onStartTrackingTouch
    void onStopTrackingTouch(android.widget.SeekBar) -> onStopTrackingTouch
com.torusworks.skroller.MainActivity$3 -> com.torusworks.skroller.c:
    com.torusworks.skroller.MainActivity this$0 -> a
    void onClick(android.view.View) -> onClick
com.torusworks.skroller.Skroller -> com.torusworks.skroller.d:
    java.lang.String TAG -> a
    boolean touched -> b
    com.torusworks.skroller.model.SkrollContent content -> c
    boolean clean_start -> d
    int idx -> e
    com.torusworks.skroller.model.TorusVisualizer mVisualizer -> f
    android.view.SurfaceView view -> g
    int touchIdx -> h
    int touchX -> i
    com.torusworks.android.shoutcast.StreamMetaDataReader streamMetaDataReader -> j
    java.lang.String displayMessage -> k
    com.torusworks.scriptengine.JavaScriptEngine jse -> l
    boolean isTouched() -> a
    void setTouched(boolean,int) -> a
    void draw(android.graphics.Canvas) -> a
    void updateDisplayMesage() -> d
    void backgroundPollStreamInfo() -> b
    void handleActionDown(int,int) -> a
    void release() -> c
    void move(int,int) -> b
    void handleFetchComplete(com.torusworks.android.shoutcast.StreamMetaDataReader) -> a
com.torusworks.skroller.SkrollerActivity -> com.torusworks.skroller.SkrollerActivity:
    java.lang.String TAG -> b
    com.torusworks.skroller.model.TorusVisualizer mVisualizer -> c
    android.media.MediaPlayer mp -> d
    com.torusworks.skroller.model.SkrollContent content -> a
    int PERCENT_BUFFER -> e
    void onCreate(android.os.Bundle) -> onCreate
    void startStream() -> a
    void onDestroy() -> onDestroy
    void onStop() -> onStop
    void onStart() -> onStart
    void onRestart() -> onRestart
    void onResume() -> onResume
    void onPause() -> onPause
    int access$0(com.torusworks.skroller.SkrollerActivity) -> a
com.torusworks.skroller.SkrollerActivity$1 -> com.torusworks.skroller.e:
    com.torusworks.skroller.SkrollerActivity this$0 -> a
    void onBufferingUpdate(android.media.MediaPlayer,int) -> onBufferingUpdate
com.torusworks.skroller.SkrollerActivity$2 -> com.torusworks.skroller.f:
    com.torusworks.skroller.SkrollerActivity this$0 -> a
    void onClick(android.content.DialogInterface,int) -> onClick
com.torusworks.skroller.SkrollerActivity$3 -> com.torusworks.skroller.g:
    com.torusworks.skroller.SkrollerActivity this$0 -> a
    void onClick(android.content.DialogInterface,int) -> onClick
...
org.mozilla.javascript.DefiningClassLoader -> a.a.b.v:
    java.lang.ClassLoader parentLoader -> a
    java.lang.Class defineClass(java.lang.String,byte[]) -> a
    void linkClass(java.lang.Class) -> a
    java.lang.Class loadClass(java.lang.String,boolean) -> loadClass
org.mozilla.javascript.EcmaError -> a.a.b.w:
    java.lang.String errorName -> c
    java.lang.String errorMessage -> d
    java.lang.String details() -> a
    java.lang.String getName() -> b
    java.lang.String getErrorMessage() -> c
org.mozilla.javascript.ErrorReporter -> a.a.b.x:
    void warning(java.lang.String,java.lang.String,int,java.lang.String,int) -> a
    void error(java.lang.String,java.lang.String,int,java.lang.String,int) -> b
    org.mozilla.javascript.EvaluatorException runtimeError(java.lang.String,java.lang.String,int,java.lang.String,int) -> c
org.mozilla.javascript.Evaluator -> a.a.b.y:
    java.lang.Object compile(org.mozilla.javascript.CompilerEnvirons,org.mozilla.javascript.ast.ScriptNode,java.lang.String,boolean) -> a
    org.mozilla.javascript.Function createFunctionObject(org.mozilla.javascript.Context,org.mozilla.javascript.Scriptable,java.lang.Object,java.lang.Object) -> a
    org.mozilla.javascript.Script createScriptObject(java.lang.Object,java.lang.Object) -> a
    void captureStackInfo(org.mozilla.javascript.RhinoException) -> a
    java.lang.String getSourcePositionFromStack(org.mozilla.javascript.Context,int[]) -> a
    java.lang.String getPatchedStack(org.mozilla.javascript.RhinoException,java.lang.String) -> a
    void setEvalScriptFlag(org.mozilla.javascript.Script) -> a
org.mozilla.javascript.EvaluatorException -> a.a.b.z:
org.mozilla.javascript.FieldAndMethods -> a.a.b.aa:
    java.lang.reflect.Field field -> a
    java.lang.Object javaObject -> b
    java.lang.Object getDefaultValue(java.lang.Class) -> a
org.mozilla.javascript.Function -> a.a.b.ab:
    java.lang.Object call(org.mozilla.javascript.Context,org.mozilla.javascript.Scriptable,org.mozilla.javascript.Scriptable,java.lang.Object[]) -> a
    org.mozilla.javascript.Scriptable construct(org.mozilla.javascript.Context,org.mozilla.javascript.Scriptable,java.lang.Object[]) -> a
org.mozilla.javascript.FunctionObject -> a.a.b.ac:
    boolean sawSecurityException -> b
    org.mozilla.javascript.MemberBox member -> a
    java.lang.String functionName -> c
    byte[] typeTags -> e
    int parmsLength -> f
    boolean hasVoidReturn -> g
    int returnTypeTag -> h
    boolean isStatic -> i
    int getTypeTag(java.lang.Class) -> b
    java.lang.Object convertArg(org.mozilla.javascript.Context,org.mozilla.javascript.Scriptable,java.lang.Object,int) -> a
    int getArity() -> a_
    int getLength() -> f
    java.lang.String getFunctionName() -> g
    java.lang.reflect.Method findSingleMethod(java.lang.reflect.Method[],java.lang.String) -> a
    java.lang.reflect.Method[] getMethodList(java.lang.Class) -> c
    void initAsConstructor(org.mozilla.javascript.Scriptable,org.mozilla.javascript.Scriptable) -> a
    java.lang.Object call(org.mozilla.javascript.Context,org.mozilla.javascript.Scriptable,org.mozilla.javascript.Scriptable,java.lang.Object[]) -> a
    org.mozilla.javascript.Scriptable createObject(org.mozilla.javascript.Context,org.mozilla.javascript.Scriptable) -> a
    boolean isVarArgsMethod() -> j
    boolean isVarArgsConstructor() -> k
org.mozilla.javascript.GeneratedClassLoader -> a.a.b.ad:
    java.lang.Class defineClass(java.lang.String,byte[]) -> a
    void linkClass(java.lang.Class) -> a