Skroller/proguard/usage.txt
com.torusworks.skroller.BuildConfig
com.torusworks.skroller.MainActivity:
    private static final java.lang.String MESSAGE_SAVED
    private static final java.lang.String PLAY_SHOUTCAST
    private static final java.lang.String COLOR_BLUE
    private static final java.lang.String COLOR_GREEN
    private static final java.lang.String COLOR_RED
    private static final java.lang.String STREAM_URL
    private static final java.lang.String STREAM_HISTORY
    private static final java.lang.String MESSAGE
    private static final java.lang.String MESSAGE_HISTORY
    private static final java.lang.String SHOUTCAST_SAVED
    private static final java.lang.String DEFAULT_STREAM_URL
com.torusworks.skroller.R
com.torusworks.skroller.R$attr
com.torusworks.skroller.R$dimen
com.torusworks.skroller.R$drawable
com.torusworks.skroller.R$id
com.torusworks.skroller.R$layout
com.torusworks.skroller.R$menu
com.torusworks.skroller.R$string
com.torusworks.skroller.R$style
com.torusworks.skroller.Skroller:
    private int[] formattedVizData
    private byte[] vizBuffer
    193:193:public void update()
com.torusworks.skroller.SkrollerActivity:
    176:188:private void toggleMusicPlayPause()
com.torusworks.skroller.model.SkrollContent:
    46:47:public void setBackTextRadiusMultiplier(double)
    58:59:public void setVelocity(double)
    66:67:public void setFrontTextColor(int)
    82:83:public void setFrontTextAlpha(int)
    90:91:public void setBackTextAlpha(int)
    98:99:public void setMessage(java.lang.String)
...
android.support.v4.widget.DrawerLayout$LayoutParams:
    1502:1504:public DrawerLayout$LayoutParams(int,int,int)
android.support.v4.widget.DrawerLayout$SimpleDrawerListener
android.support.v4.widget.DrawerLayout$ViewDragCallback:
    1326:1328:public DrawerLayout$ViewDragCallback(android.support.v4.widget.DrawerLayout,int)
    1331:1332:public void setDragger(android.support.v4.widget.ViewDragHelper)
    1411:1433:private void peekDrawer()
    1316:1316:static synthetic void access$000(android.support.v4.widget.DrawerLayout$ViewDragCallback)
android.support.v4.widget.DrawerLayout$ViewDragCallback$1
android.support.v4.widget.EdgeEffectCompat:
    132:134:public EdgeEffectCompat(android.content.Context)
    204:204:public boolean onAbsorb(int)
android.support.v4.widget.EdgeEffectCompat$BaseEdgeEffectImpl:
    60:60:public java.lang.Object newEdgeEffect(android.content.Context)
    82:82:public boolean onAbsorb(java.lang.Object,int)
android.support.v4.widget.EdgeEffectCompat$EdgeEffectIcsImpl:
    92:92:public java.lang.Object newEdgeEffect(android.content.Context)
    116:116:public boolean onAbsorb(java.lang.Object,int)
android.support.v4.widget.EdgeEffectCompat$EdgeEffectImpl:
    public abstract java.lang.Object newEdgeEffect(android.content.Context)
    public abstract boolean onAbsorb(java.lang.Object,int)
android.support.v4.widget.EdgeEffectCompatIcs:
    28:28:EdgeEffectCompatIcs()
    30:30:public static java.lang.Object newEdgeEffect(android.content.Context)
    57:58:public static boolean onAbsorb(java.lang.Object,int)
android.support.v4.widget.ExploreByTouchHelper
android.support.v4.widget.ExploreByTouchHelper$1
android.support.v4.widget.ExploreByTouchHelper$ExploreByTouchNodeProvider
android.support.v4.widget.ResourceCursorAdapter
android.support.v4.widget.ScrollerCompat:
    251:251:public static android.support.v4.widget.ScrollerCompat create(android.content.Context)
    255:255:public static android.support.v4.widget.ScrollerCompat create(android.content.Context,android.view.animation.Interpolator)
    258:260:ScrollerCompat(android.content.Context,android.view.animation.Interpolator)
    314:314:public float getCurrVelocity()
    341:342:public void startScroll(int,int,int,int)
    382:383:public void fling(int,int,int,int,int,int,int,int)
    410:412:public void fling(int,int,int,int,int,int,int,int,int,int)
    437:438:public void notifyHorizontalEdgeReached(int,int,int)
    454:455:public void notifyVerticalEdgeReached(int,int,int)
    471:471:public boolean isOverScrolled()
android.support.v4.widget.ScrollerCompat$ScrollerCompatImpl:
    public abstract java.lang.Object createScroller(android.content.Context,android.view.animation.Interpolator)
    public abstract float getCurrVelocity(java.lang.Object)
    public abstract void startScroll(java.lang.Object,int,int,int,int)
    public abstract void fling(java.lang.Object,int,int,int,int,int,int,int,int)
    public abstract void fling(java.lang.Object,int,int,int,int,int,int,int,int,int,int)
    public abstract void notifyHorizontalEdgeReached(java.lang.Object,int,int,int)
    public abstract void notifyVerticalEdgeReached(java.lang.Object,int,int,int)
    public abstract boolean isOverScrolled(java.lang.Object)
android.support.v4.widget.ScrollerCompat$ScrollerCompatImplBase:
    58:58:public java.lang.Object createScroller(android.content.Context,android.view.animation.Interpolator)
    79:79:public float getCurrVelocity(java.lang.Object)
    89:90:public void startScroll(java.lang.Object,int,int,int,int)
    101:102:public void fling(java.lang.Object,int,int,int,int,int,int,int,int)
    107:108:public void fling(java.lang.Object,int,int,int,int,int,int,int,int,int,int)
    119:119:public void notifyHorizontalEdgeReached(java.lang.Object,int,int,int)
    124:124:public void notifyVerticalEdgeReached(java.lang.Object,int,int,int)
    129:129:public boolean isOverScrolled(java.lang.Object)